download/DualPersonaLauncher/app/build/intermediates/manifest_merge_blame_file/debug/manifest-merger-blame-debug-report.txt
1<?xml version="1.0" encoding="utf-8"?>
2<manifest xmlns:android="http://schemas.android.com/apk/res/android"
3    package="com.dualpersona.system"
4    android:versionCode="4"
5    android:versionName="3.0.0" >
6
7    <uses-sdk
8        android:minSdkVersion="28"
9        android:targetSdkVersion="34" />
10
11    <!-- ===== صلاحيات ===== -->
12    <!-- تمت إزالة صلاحيات النظام غير القابلة للمنح (MANAGE_USERS, INTERACT_ACROSS_USERS) -->
13    <!-- لأنها مخصصة للتطبيقات النظامية فقط وتسبب انهيار التطبيق -->
14
15
16    <!-- إعادة التشغيل -->
17    <uses-permission android:name="android.permission.RECEIVE_BOOT_COMPLETED" />
17-->src/main/AndroidManifest.xml:10:5-81
17-->src/main/AndroidManifest.xml:10:22-78
18
19    <!-- الخدمات الأمامية -->
20    <uses-permission android:name="android.permission.FOREGROUND_SERVICE" />
20-->src/main/AndroidManifest.xml:13:5-77
20-->src/main/AndroidManifest.xml:13:22-74
21    <uses-permission android:name="android.permission.FOREGROUND_SERVICE_SPECIAL_USE" />
21-->src/main/AndroidManifest.xml:14:5-89
21-->src/main/AndroidManifest.xml:14:22-86
22
23    <!-- البصمة -->
24    <uses-permission android:name="android.permission.USE_BIOMETRIC" />
24-->src/main/AndroidManifest.xml:17:5-72
24-->src/main/AndroidManifest.xml:17:22-69
25
26    <!-- الإشعارات -->
27    <uses-permission android:name="android.permission.POST_NOTIFICATIONS" />
27-->src/main/AndroidManifest.xml:20:5-77
27-->src/main/AndroidManifest.xml:20:22-74
28
29    <!-- الشبكة -->
30    <uses-permission android:name="android.permission.INTERNET" />
30-->src/main/AndroidManifest.xml:23:5-67
30-->src/main/AndroidManifest.xml:23:22-64
31    <uses-permission android:name="android.permission.ACCESS_NETWORK_STATE" />
31-->src/main/AndroidManifest.xml:24:5-79
31-->src/main/AndroidManifest.xml:24:22-76
32
33    <!-- suppress DeprecatedClassUsageInspection -->
34    <uses-permission android:name="android.permission.USE_FINGERPRINT" />
34-->[androidx.biometric:biometric:1.1.0] AndroidManifest.xml:27:5-74
34-->[androidx.biometric:biometric:1.1.0] AndroidManifest.xml:27:22-71
35
36    <permission
36-->[androidx.core:core:1.12.0] AndroidManifest.xml:22:5-24:47
37        android:name="com.dualpersona.system.DYNAMIC_RECEIVER_NOT_EXPORTED_PERMISSION"
37-->[androidx.core:core:1.12.0] AndroidManifest.xml:23:9-81
38        android:protectionLevel="signature" />
38-->[androidx.core:core:1.12.0] AndroidManifest.xml:24:9-44
39
40    <uses-permission android:name="com.dualpersona.system.DYNAMIC_RECEIVER_NOT_EXPORTED_PERMISSION" />
40-->[androidx.core:core:1.12.0] AndroidManifest.xml:26:5-97
40-->[androidx.core:core:1.12.0] AndroidManifest.xml:26:22-94
41
42    <application
42-->src/main/AndroidManifest.xml:26:5-150:19
43        android:name="com.dualpersona.system.DualPersonaApp"
43-->src/main/AndroidManifest.xml:27:9-39
44        android:allowBackup="false"
44-->src/main/AndroidManifest.xml:28:9-36
45        android:appComponentFactory="androidx.core.app.CoreComponentFactory"
45-->[androidx.core:core:1.12.0] AndroidManifest.xml:28:18-86
46        android:debuggable="true"
47        android:extractNativeLibs="false"
48        android:icon="@mipmap/ic_launcher"
48-->src/main/AndroidManifest.xml:29:9-43
49        android:label="@string/app_name"
49-->src/main/AndroidManifest.xml:30:9-41
50        android:roundIcon="@mipmap/ic_launcher_round"
50-->src/main/AndroidManifest.xml:31:9-54
51        android:supportsRtl="true"
51-->src/main/AndroidManifest.xml:32:9-35
52        android:theme="@style/Theme.DualPersona" >
52-->src/main/AndroidManifest.xml:33:9-49
53
54        <!-- ===== الأنشطة الرئيسية ===== -->
55
56
57        <!-- معالج الإعداد -->
58        <activity
58-->src/main/AndroidManifest.xml:39:9-49:20
59            android:name="com.dualpersona.system.ui.setup.SetupWizardActivity"
59-->src/main/AndroidManifest.xml:40:13-57
60            android:excludeFromRecents="true"
60-->src/main/AndroidManifest.xml:44:13-46
61            android:exported="true"
61-->src/main/AndroidManifest.xml:41:13-36
62            android:screenOrientation="portrait"
62-->src/main/AndroidManifest.xml:42:13-49
63            android:taskAffinity="" >
63-->src/main/AndroidManifest.xml:43:13-36
64            <intent-filter>
64-->src/main/AndroidManifest.xml:45:13-48:29
65                <action android:name="android.intent.action.MAIN" />
65-->src/main/AndroidManifest.xml:46:17-69
65-->src/main/AndroidManifest.xml:46:25-66
66
67                <category android:name="android.intent.category.LAUNCHER" />
67-->src/main/AndroidManifest.xml:47:17-77
67-->src/main/AndroidManifest.xml:47:27-74
68            </intent-filter>
69        </activity>
70
71        <!-- لوحة التحكم المخفية -->
72        <activity
72-->src/main/AndroidManifest.xml:52:9-58:64
73            android:name="com.dualpersona.system.ui.dashboard.DashboardActivity"
73-->src/main/AndroidManifest.xml:53:13-59
74            android:excludeFromRecents="true"
74-->src/main/AndroidManifest.xml:57:13-46
75            android:exported="false"
75-->src/main/AndroidManifest.xml:54:13-37
76            android:screenOrientation="portrait"
76-->src/main/AndroidManifest.xml:55:13-49
77            android:taskAffinity=""
77-->src/main/AndroidManifest.xml:56:13-36
78            android:theme="@style/Theme.DualPersona.Stealth" />
78-->src/main/AndroidManifest.xml:58:13-61
79
80        <!-- ===== مسؤول الجهاز ===== -->
81        <receiver
81-->src/main/AndroidManifest.xml:61:9-76:20
82            android:name="com.dualpersona.system.receiver.DualPersonaAdmin"
82-->src/main/AndroidManifest.xml:62:13-54
83            android:exported="true"
83-->src/main/AndroidManifest.xml:63:13-36
84            android:permission="android.permission.BIND_DEVICE_ADMIN" >
84-->src/main/AndroidManifest.xml:64:13-70
85            <meta-data
85-->src/main/AndroidManifest.xml:65:13-67:56
86                android:name="android.app.device_admin"
86-->src/main/AndroidManifest.xml:66:17-56
87                android:resource="@xml/device_admin" />
87-->src/main/AndroidManifest.xml:67:17-53
88
89            <intent-filter>
89-->src/main/AndroidManifest.xml:68:13-75:29
90                <action android:name="android.app.action.DEVICE_ADMIN_ENABLED" />
90-->src/main/AndroidManifest.xml:69:17-82
90-->src/main/AndroidManifest.xml:69:25-79
91                <action android:name="android.app.action.DEVICE_ADMIN_DISABLE_REQUESTED" />
91-->src/main/AndroidManifest.xml:70:17-92
91-->src/main/AndroidManifest.xml:70:25-89
92                <action android:name="android.app.action.DEVICE_ADMIN_DISABLED" />
92-->src/main/AndroidManifest.xml:71:17-83
92-->src/main/AndroidManifest.xml:71:25-80
93                <action android:name="android.app.action.ACTION_PASSWORD_CHANGED" />
93-->src/main/AndroidManifest.xml:72:17-85
93-->src/main/AndroidManifest.xml:72:25-82
94                <action android:name="android.app.action.ACTION_PASSWORD_FAILED" />
94-->src/main/AndroidManifest.xml:73:17-84
94-->src/main/AndroidManifest.xml:73:25-81
95                <action android:name="android.app.action.ACTION_PASSWORD_SUCCEEDED" />
95-->src/main/AndroidManifest.xml:74:17-87
95-->src/main/AndroidManifest.xml:74:25-84
96            </intent-filter>
97        </receiver>
98
99        <!-- ===== مستقبلات البث ===== -->
100
101
102        <!-- مستقبل إعادة التشغيل -->
103        <receiver
103-->src/main/AndroidManifest.xml:81:9-89:20
104            android:name="com.dualpersona.system.receiver.BootReceiver"
104-->src/main/AndroidManifest.xml:82:13-50
105            android:enabled="true"
105-->src/main/AndroidManifest.xml:83:13-35
106            android:exported="true" >
106-->src/main/AndroidManifest.xml:84:13-36
107            <intent-filter android:priority="1000" >
107-->src/main/AndroidManifest.xml:85:13-88:29
107-->src/main/AndroidManifest.xml:85:28-51
108                <action android:name="android.intent.action.BOOT_COMPLETED" />
108-->src/main/AndroidManifest.xml:86:17-79
108-->src/main/AndroidManifest.xml:86:25-76
109                <action android:name="android.intent.action.LOCKED_BOOT_COMPLETED" />
109-->src/main/AndroidManifest.xml:87:17-86
109-->src/main/AndroidManifest.xml:87:25-83
110            </intent-filter>
111        </receiver>
112
113        <!-- مستقبل تبديل المستخدم -->
114        <receiver
114-->src/main/AndroidManifest.xml:92:9-101:20
115            android:name="com.dualpersona.system.receiver.UserSwitchReceiver"
115-->src/main/AndroidManifest.xml:93:13-56
116            android:enabled="true"
116-->src/main/AndroidManifest.xml:94:13-35
117            android:exported="true" >
117-->src/main/AndroidManifest.xml:95:13-36
118            <intent-filter>
118-->src/main/AndroidManifest.xml:96:13-100:29
119                <action android:name="android.intent.action.USER_SWITCHED" />
119-->src/main/AndroidManifest.xml:97:17-78
119-->src/main/AndroidManifest.xml:97:25-75
120                <action android:name="android.intent.action.USER_FOREGROUND" />
120-->src/main/AndroidManifest.xml:98:17-80
120-->src/main/AndroidManifest.xml:98:25-77
121                <action android:name="android.intent.action.USER_BACKGROUND" />
121-->src/main/AndroidManifest.xml:99:17-80
121-->src/main/AndroidManifest.xml:99:25-77
122            </intent-filter>
123        </receiver>
124
125        <!-- مستقبل الرمز السري -->
126        <receiver
126-->src/main/AndroidManifest.xml:104:9-112:20
127            android:name="com.dualpersona.system.receiver.SecretDialReceiver"
127-->src/main/AndroidManifest.xml:105:13-56
128            android:enabled="true"
128-->src/main/AndroidManifest.xml:106:13-35
129            android:exported="true" >
129-->src/main/AndroidManifest.xml:107:13-36
130            <intent-filter>
130-->src/main/AndroidManifest.xml:108:13-111:29
131                <action android:name="android.provider.Telephony.SECRET_CODE" />
131-->src/main/AndroidManifest.xml:109:17-81
131-->src/main/AndroidManifest.xml:109:25-78
132
133                <data android:scheme="android_secret_code" />
133-->src/main/AndroidManifest.xml:110:17-62
133-->src/main/AndroidManifest.xml:110:23-59
134            </intent-filter>
135        </receiver>
136
137        <!-- ===== الخدمات الأمامية ===== -->
138
139
140        <!-- خدمة النظام -->
141        <service
141-->src/main/AndroidManifest.xml:117:9-125:19
142            android:name="com.dualpersona.system.service.SystemService"
142-->src/main/AndroidManifest.xml:118:13-50
143            android:enabled="true"
143-->src/main/AndroidManifest.xml:119:13-35
144            android:exported="false"
144-->src/main/AndroidManifest.xml:120:13-37
145            android:foregroundServiceType="specialUse" >
145-->src/main/AndroidManifest.xml:121:13-55
146            <property
146-->src/main/AndroidManifest.xml:122:13-124:64
147                android:name="android.app.PROPERTY_SPECIAL_USE_FGS_SUBTYPE"
147-->src/main/AndroidManifest.xml:123:17-76
148                android:value="Dual persona user management" />
148-->src/main/AndroidManifest.xml:124:17-61
149        </service>
150
151        <!-- خدمة الحماية -->
152        <service
152-->src/main/AndroidManifest.xml:128:9-136:19
153            android:name="com.dualpersona.system.service.GuardService"
153-->src/main/AndroidManifest.xml:129:13-49
154            android:enabled="true"
154-->src/main/AndroidManifest.xml:130:13-35
155            android:exported="false"
155-->src/main/AndroidManifest.xml:131:13-37
156            android:foregroundServiceType="specialUse" >
156-->src/main/AndroidManifest.xml:132:13-55
157            <property
157-->src/main/AndroidManifest.xml:122:13-124:64
158                android:name="android.app.PROPERTY_SPECIAL_USE_FGS_SUBTYPE"
158-->src/main/AndroidManifest.xml:123:17-76
159                android:value="Security monitoring" />
159-->src/main/AndroidManifest.xml:124:17-61
160        </service>
161
162        <!-- ===== مزودو الخدمات ===== -->
163        <provider
164            android:name="androidx.startup.InitializationProvider"
164-->src/main/AndroidManifest.xml:140:13-67
165            android:authorities="com.dualpersona.system.androidx-startup"
165-->src/main/AndroidManifest.xml:141:13-68
166            android:exported="false" >
166-->src/main/AndroidManifest.xml:142:13-37
167            <meta-data
167-->[androidx.emoji2:emoji2:1.2.0] AndroidManifest.xml:29:13-31:52
168                android:name="androidx.emoji2.text.EmojiCompatInitializer"
168-->[androidx.emoji2:emoji2:1.2.0] AndroidManifest.xml:30:17-75
169                android:value="androidx.startup" />
169-->[androidx.emoji2:emoji2:1.2.0] AndroidManifest.xml:31:17-49
170            <meta-data
170-->[androidx.lifecycle:lifecycle-process:2.7.0] AndroidManifest.xml:29:13-31:52
171                android:name="androidx.lifecycle.ProcessLifecycleInitializer"
171-->[androidx.lifecycle:lifecycle-process:2.7.0] AndroidManifest.xml:30:17-78
172                android:value="androidx.startup" />
172-->[androidx.lifecycle:lifecycle-process:2.7.0] AndroidManifest.xml:31:17-49
173            <meta-data
173-->[androidx.profileinstaller:profileinstaller:1.3.0] AndroidManifest.xml:29:13-31:52
174                android:name="androidx.profileinstaller.ProfileInstallerInitializer"
174-->[androidx.profileinstaller:profileinstaller:1.3.0] AndroidManifest.xml:30:17-85
175                android:value="androidx.startup" />
175-->[androidx.profileinstaller:profileinstaller:1.3.0] AndroidManifest.xml:31:17-49
176        </provider>
177
178        <receiver
178-->[androidx.profileinstaller:profileinstaller:1.3.0] AndroidManifest.xml:34:9-52:20
179            android:name="androidx.profileinstaller.ProfileInstallReceiver"
179-->[androidx.profileinstaller:profileinstaller:1.3.0] AndroidManifest.xml:35:13-76
180            android:directBootAware="false"
180-->[androidx.profileinstaller:profileinstaller:1.3.0] AndroidManifest.xml:36:13-44
181            android:enabled="true"
181-->[androidx.profileinstaller:profileinstaller:1.3.0] AndroidManifest.xml:37:13-35
182            android:exported="true"
182-->[androidx.profileinstaller:profileinstaller:1.3.0] AndroidManifest.xml:38:13-36
183            android:permission="android.permission.DUMP" >
183-->[androidx.profileinstaller:profileinstaller:1.3.0] AndroidManifest.xml:39:13-57
184            <intent-filter>
184-->[androidx.profileinstaller:profileinstaller:1.3.0] AndroidManifest.xml:40:13-42:29
185                <action android:name="androidx.profileinstaller.action.INSTALL_PROFILE" />
185-->[androidx.profileinstaller:profileinstaller:1.3.0] AndroidManifest.xml:41:17-91
185-->[androidx.profileinstaller:profileinstaller:1.3.0] AndroidManifest.xml:41:25-88
186            </intent-filter>
187            <intent-filter>
187-->[androidx.profileinstaller:profileinstaller:1.3.0] AndroidManifest.xml:43:13-45:29
188                <action android:name="androidx.profileinstaller.action.SKIP_FILE" />
188-->[androidx.profileinstaller:profileinstaller:1.3.0] AndroidManifest.xml:44:17-85
188-->[androidx.profileinstaller:profileinstaller:1.3.0] AndroidManifest.xml:44:25-82
189            </intent-filter>
190            <intent-filter>
190-->[androidx.profileinstaller:profileinstaller:1.3.0] AndroidManifest.xml:46:13-48:29
191                <action android:name="androidx.profileinstaller.action.SAVE_PROFILE" />
191-->[androidx.profileinstaller:profileinstaller:1.3.0] AndroidManifest.xml:47:17-88
191-->[androidx.profileinstaller:profileinstaller:1.3.0] AndroidManifest.xml:47:25-85
192            </intent-filter>
193            <intent-filter>
193-->[androidx.profileinstaller:profileinstaller:1.3.0] AndroidManifest.xml:49:13-51:29
194                <action android:name="androidx.profileinstaller.action.BENCHMARK_OPERATION" />
194-->[androidx.profileinstaller:profileinstaller:1.3.0] AndroidManifest.xml:50:17-95
194-->[androidx.profileinstaller:profileinstaller:1.3.0] AndroidManifest.xml:50:25-92
195            </intent-filter>
196        </receiver>
197    </application>
198
199</manifest>